"2022-07-07 10:48:29 [restartedMain] INFO  c.c.d.DailySharePriceApplication - Starting DailySharePriceApplication using Java 16.0.1 on LAPTOP-CJKHE4KD with PID 49408 (C:\Users\mdsai\Downloads\5_6143241665072072678\Portfolio project\DailySharePrice1\DailySharePrice\target\classes started by mdsai in C:\Users\mdsai\Downloads\5_6143241665072072678\Portfolio project\DailySharePrice1\DailySharePrice)
""2022-07-07 10:48:29 [restartedMain] INFO  c.c.d.DailySharePriceApplication - No active profile set, falling back to 1 default profile: "default"
""2022-07-07 10:48:29 [restartedMain] INFO  o.s.b.d.e.DevToolsPropertyDefaultsPostProcessor - Devtools property defaults active! Set 'spring.devtools.add-properties' to 'false' to disable
""2022-07-07 10:48:29 [restartedMain] INFO  o.s.b.d.e.DevToolsPropertyDefaultsPostProcessor - For additional web related logging consider setting the 'logging.level.web' property to 'DEBUG'
""2022-07-07 10:48:30 [restartedMain] INFO  o.s.d.r.c.RepositoryConfigurationDelegate - Bootstrapping Spring Data JPA repositories in DEFAULT mode.
""2022-07-07 10:48:30 [restartedMain] INFO  o.s.d.r.c.RepositoryConfigurationDelegate - Finished Spring Data repository scanning in 34 ms. Found 1 JPA repository interfaces.
""2022-07-07 10:48:30 [restartedMain] INFO  o.s.cloud.context.scope.GenericScope - BeanFactory id=06edcab2-3d4f-375c-b803-7ee141e7ed09
""2022-07-07 10:48:31 [restartedMain] INFO  o.s.b.w.e.tomcat.TomcatWebServer - Tomcat initialized with port(s): 8082 (http)
""2022-07-07 10:48:31 [restartedMain] INFO  o.a.catalina.core.StandardService - Starting service [Tomcat]
""2022-07-07 10:48:31 [restartedMain] INFO  o.a.catalina.core.StandardEngine - Starting Servlet engine: [Apache Tomcat/9.0.58]
""2022-07-07 10:48:31 [restartedMain] INFO  o.a.c.c.C.[Tomcat].[localhost].[/] - Initializing Spring embedded WebApplicationContext
""2022-07-07 10:48:31 [restartedMain] INFO  o.s.b.w.s.c.ServletWebServerApplicationContext - Root WebApplicationContext: initialization completed in 2185 ms
""2022-07-07 10:48:31 [restartedMain] INFO  com.zaxxer.hikari.HikariDataSource - HikariPool-1 - Starting...
""2022-07-07 10:48:31 [restartedMain] INFO  com.zaxxer.hikari.HikariDataSource - HikariPool-1 - Start completed.
""2022-07-07 10:48:31 [restartedMain] INFO  o.s.b.a.h.H2ConsoleAutoConfiguration - H2 console available at '/h2-console'. Database available at 'jdbc:h2:mem:pms'
""2022-07-07 10:48:31 [restartedMain] INFO  o.h.jpa.internal.util.LogHelper - HHH000204: Processing PersistenceUnitInfo [name: default]
""2022-07-07 10:48:31 [restartedMain] INFO  org.hibernate.Version - HHH000412: Hibernate ORM core version 5.6.5.Final
""2022-07-07 10:48:32 [restartedMain] INFO  o.h.annotations.common.Version - HCANN000001: Hibernate Commons Annotations {5.1.2.Final}
""2022-07-07 10:48:32 [restartedMain] INFO  org.hibernate.dialect.Dialect - HHH000400: Using dialect: org.hibernate.dialect.H2Dialect
""2022-07-07 10:48:32 [restartedMain] INFO  o.h.e.t.j.p.i.JtaPlatformInitiator - HHH000490: Using JtaPlatform implementation: [org.hibernate.engine.transaction.jta.platform.internal.NoJtaPlatform]
""2022-07-07 10:48:32 [restartedMain] INFO  o.s.o.j.LocalContainerEntityManagerFactoryBean - Initialized JPA EntityManagerFactory for persistence unit 'default'
""2022-07-07 10:48:33 [restartedMain] WARN  o.s.b.a.o.j.JpaBaseConfiguration$JpaWebConfiguration - spring.jpa.open-in-view is enabled by default. Therefore, database queries may be performed during view rendering. Explicitly configure spring.jpa.open-in-view to disable this warning
""2022-07-07 10:48:33 [restartedMain] INFO  o.s.b.d.a.OptionalLiveReloadServer - LiveReload server is running on port 35729
""2022-07-07 10:48:33 [restartedMain] INFO  o.s.b.w.e.tomcat.TomcatWebServer - Tomcat started on port(s): 8082 (http) with context path ''
""2022-07-07 10:48:34 [restartedMain] INFO  c.c.d.DailySharePriceApplication - Started DailySharePriceApplication in 5.478 seconds (JVM running for 6.085)
""2022-07-07 10:59:03 [restartedMain] INFO  c.c.d.DailySharePriceApplication - Starting DailySharePriceApplication using Java 16.0.1 on LAPTOP-CJKHE4KD with PID 67644 (C:\Users\mdsai\Downloads\5_6143241665072072678\Portfolio project\DailySharePrice1\DailySharePrice\target\classes started by mdsai in C:\Users\mdsai\Downloads\5_6143241665072072678\Portfolio project\DailySharePrice1\DailySharePrice)
""2022-07-07 10:59:03 [restartedMain] INFO  c.c.d.DailySharePriceApplication - No active profile set, falling back to 1 default profile: "default"
""2022-07-07 10:59:03 [restartedMain] INFO  o.s.b.d.e.DevToolsPropertyDefaultsPostProcessor - Devtools property defaults active! Set 'spring.devtools.add-properties' to 'false' to disable
""2022-07-07 10:59:03 [restartedMain] INFO  o.s.b.d.e.DevToolsPropertyDefaultsPostProcessor - For additional web related logging consider setting the 'logging.level.web' property to 'DEBUG'
""2022-07-07 10:59:04 [restartedMain] INFO  o.s.d.r.c.RepositoryConfigurationDelegate - Bootstrapping Spring Data JPA repositories in DEFAULT mode.
""2022-07-07 10:59:04 [restartedMain] INFO  o.s.d.r.c.RepositoryConfigurationDelegate - Finished Spring Data repository scanning in 44 ms. Found 1 JPA repository interfaces.
""2022-07-07 10:59:04 [restartedMain] INFO  o.s.cloud.context.scope.GenericScope - BeanFactory id=06edcab2-3d4f-375c-b803-7ee141e7ed09
""2022-07-07 10:59:05 [restartedMain] INFO  o.s.b.w.e.tomcat.TomcatWebServer - Tomcat initialized with port(s): 8082 (http)
""2022-07-07 10:59:05 [restartedMain] INFO  o.a.catalina.core.StandardService - Starting service [Tomcat]
""2022-07-07 10:59:05 [restartedMain] INFO  o.a.catalina.core.StandardEngine - Starting Servlet engine: [Apache Tomcat/9.0.58]
""2022-07-07 10:59:05 [restartedMain] INFO  o.a.c.c.C.[Tomcat].[localhost].[/] - Initializing Spring embedded WebApplicationContext
""2022-07-07 10:59:05 [restartedMain] INFO  o.s.b.w.s.c.ServletWebServerApplicationContext - Root WebApplicationContext: initialization completed in 2048 ms
""2022-07-07 10:59:05 [restartedMain] INFO  com.zaxxer.hikari.HikariDataSource - HikariPool-1 - Starting...
""2022-07-07 10:59:05 [restartedMain] INFO  com.zaxxer.hikari.HikariDataSource - HikariPool-1 - Start completed.
""2022-07-07 10:59:05 [restartedMain] INFO  o.s.b.a.h.H2ConsoleAutoConfiguration - H2 console available at '/h2-console'. Database available at 'jdbc:h2:mem:pms'
""2022-07-07 10:59:05 [restartedMain] INFO  o.h.jpa.internal.util.LogHelper - HHH000204: Processing PersistenceUnitInfo [name: default]
""2022-07-07 10:59:05 [restartedMain] INFO  org.hibernate.Version - HHH000412: Hibernate ORM core version 5.6.5.Final
""2022-07-07 10:59:06 [restartedMain] INFO  o.h.annotations.common.Version - HCANN000001: Hibernate Commons Annotations {5.1.2.Final}
""2022-07-07 10:59:06 [restartedMain] INFO  org.hibernate.dialect.Dialect - HHH000400: Using dialect: org.hibernate.dialect.H2Dialect
""2022-07-07 10:59:06 [restartedMain] INFO  o.h.e.t.j.p.i.JtaPlatformInitiator - HHH000490: Using JtaPlatform implementation: [org.hibernate.engine.transaction.jta.platform.internal.NoJtaPlatform]
""2022-07-07 10:59:06 [restartedMain] INFO  o.s.o.j.LocalContainerEntityManagerFactoryBean - Initialized JPA EntityManagerFactory for persistence unit 'default'
""2022-07-07 10:59:07 [restartedMain] WARN  o.s.b.a.o.j.JpaBaseConfiguration$JpaWebConfiguration - spring.jpa.open-in-view is enabled by default. Therefore, database queries may be performed during view rendering. Explicitly configure spring.jpa.open-in-view to disable this warning
""2022-07-07 10:59:07 [restartedMain] WARN  o.s.b.d.a.OptionalLiveReloadServer - Unable to start LiveReload server
""2022-07-07 10:59:07 [restartedMain] INFO  o.s.b.w.e.tomcat.TomcatWebServer - Tomcat started on port(s): 8082 (http) with context path ''
""2022-07-07 10:59:08 [restartedMain] INFO  c.c.d.DailySharePriceApplication - Started DailySharePriceApplication in 5.369 seconds (JVM running for 5.921)
""2022-07-07 11:01:37 [http-nio-8082-exec-1] INFO  o.a.c.c.C.[Tomcat].[localhost].[/] - Initializing Spring DispatcherServlet 'dispatcherServlet'
""2022-07-07 11:01:37 [http-nio-8082-exec-1] INFO  o.s.web.servlet.DispatcherServlet - Initializing Servlet 'dispatcherServlet'
""2022-07-07 11:01:37 [http-nio-8082-exec-1] INFO  o.s.web.servlet.DispatcherServlet - Completed initialization in 8 ms
""2022-07-07 11:39:28 [http-nio-8082-exec-8] ERROR o.a.c.c.C.[.[.[.[dispatcherServlet] - Servlet.service() for servlet [dispatcherServlet] in context with path [] threw exception [Request processing failed; nested exception is feign.FeignException$InternalServerError: [500] during [GET] to [http://localhost:8081/getuname] [AuthorizationClient#getUname(String)]: [{"timestamp":"2022-07-07T06:09:28.588+00:00","status":500,"error":"Internal Server Error","trace":"io.jsonwebtoken.ExpiredJwtException: JWT expired at 2022-07-07T11:16:32Z. Current time: 2022-07-07T11... (10623 bytes)]] with root cause
"feign.FeignException$InternalServerError: [500] during [GET] to [http://localhost:8081/getuname] [AuthorizationClient#getUname(String)]: [{"timestamp":"2022-07-07T06:09:28.588+00:00","status":500,"error":"Internal Server Error","trace":"io.jsonwebtoken.ExpiredJwtException: JWT expired at 2022-07-07T11:16:32Z. Current time: 2022-07-07T11... (10623 bytes)]
	at feign.FeignException.serverErrorStatus(FeignException.java:250)
	at feign.FeignException.errorStatus(FeignException.java:197)
	at feign.FeignException.errorStatus(FeignException.java:185)
	at feign.codec.ErrorDecoder$Default.decode(ErrorDecoder.java:92)
	at feign.AsyncResponseHandler.handleResponse(AsyncResponseHandler.java:96)
	at feign.SynchronousMethodHandler.executeAndDecode(SynchronousMethodHandler.java:138)
	at feign.SynchronousMethodHandler.invoke(SynchronousMethodHandler.java:89)
	at feign.ReflectiveFeign$FeignInvocationHandler.invoke(ReflectiveFeign.java:100)
	at jdk.proxy4/jdk.proxy4.$Proxy119.getUname(Unknown Source)
	at com.cts.dailyshareprice.controller.StockController.getAllStockDetails(StockController.java:43)
	at java.base/jdk.internal.reflect.NativeMethodAccessorImpl.invoke0(Native Method)
	at java.base/jdk.internal.reflect.NativeMethodAccessorImpl.invoke(NativeMethodAccessorImpl.java:78)
	at java.base/jdk.internal.reflect.DelegatingMethodAccessorImpl.invoke(DelegatingMethodAccessorImpl.java:43)
	at java.base/java.lang.reflect.Method.invoke(Method.java:567)
	at org.springframework.web.method.support.InvocableHandlerMethod.doInvoke(InvocableHandlerMethod.java:205)
	at org.springframework.web.method.support.InvocableHandlerMethod.invokeForRequest(InvocableHandlerMethod.java:150)
	at org.springframework.web.servlet.mvc.method.annotation.ServletInvocableHandlerMethod.invokeAndHandle(ServletInvocableHandlerMethod.java:117)
	at org.springframework.web.servlet.mvc.method.annotation.RequestMappingHandlerAdapter.invokeHandlerMethod(RequestMappingHandlerAdapter.java:895)
	at org.springframework.web.servlet.mvc.method.annotation.RequestMappingHandlerAdapter.handleInternal(RequestMappingHandlerAdapter.java:808)
	at org.springframework.web.servlet.mvc.method.AbstractHandlerMethodAdapter.handle(AbstractHandlerMethodAdapter.java:87)
	at org.springframework.web.servlet.DispatcherServlet.doDispatch(DispatcherServlet.java:1067)
	at org.springframework.web.servlet.DispatcherServlet.doService(DispatcherServlet.java:963)
	at org.springframework.web.servlet.FrameworkServlet.processRequest(FrameworkServlet.java:1006)
	at org.springframework.web.servlet.FrameworkServlet.doGet(FrameworkServlet.java:898)
	at javax.servlet.http.HttpServlet.service(HttpServlet.java:655)
	at org.springframework.web.servlet.FrameworkServlet.service(FrameworkServlet.java:883)
	at javax.servlet.http.HttpServlet.service(HttpServlet.java:764)
	at org.apache.catalina.core.ApplicationFilterChain.internalDoFilter(ApplicationFilterChain.java:227)
	at org.apache.catalina.core.ApplicationFilterChain.doFilter(ApplicationFilterChain.java:162)
	at org.apache.tomcat.websocket.server.WsFilter.doFilter(WsFilter.java:53)
	at org.apache.catalina.core.ApplicationFilterChain.internalDoFilter(ApplicationFilterChain.java:189)
	at org.apache.catalina.core.ApplicationFilterChain.doFilter(ApplicationFilterChain.java:162)
	at org.springframework.web.filter.RequestContextFilter.doFilterInternal(RequestContextFilter.java:100)
	at org.springframework.web.filter.OncePerRequestFilter.doFilter(OncePerRequestFilter.java:117)
	at org.apache.catalina.core.ApplicationFilterChain.internalDoFilter(ApplicationFilterChain.java:189)
	at org.apache.catalina.core.ApplicationFilterChain.doFilter(ApplicationFilterChain.java:162)
	at org.springframework.web.filter.FormContentFilter.doFilterInternal(FormContentFilter.java:93)
	at org.springframework.web.filter.OncePerRequestFilter.doFilter(OncePerRequestFilter.java:117)
	at org.apache.catalina.core.ApplicationFilterChain.internalDoFilter(ApplicationFilterChain.java:189)
	at org.apache.catalina.core.ApplicationFilterChain.doFilter(ApplicationFilterChain.java:162)
	at org.springframework.web.filter.CharacterEncodingFilter.doFilterInternal(CharacterEncodingFilter.java:201)
	at org.springframework.web.filter.OncePerRequestFilter.doFilter(OncePerRequestFilter.java:117)
	at org.apache.catalina.core.ApplicationFilterChain.internalDoFilter(ApplicationFilterChain.java:189)
	at org.apache.catalina.core.ApplicationFilterChain.doFilter(ApplicationFilterChain.java:162)
	at org.apache.catalina.core.StandardWrapperValve.invoke(StandardWrapperValve.java:197)
	at org.apache.catalina.core.StandardContextValve.invoke(StandardContextValve.java:97)
	at org.apache.catalina.authenticator.AuthenticatorBase.invoke(AuthenticatorBase.java:540)
	at org.apache.catalina.core.StandardHostValve.invoke(StandardHostValve.java:135)
	at org.apache.catalina.valves.ErrorReportValve.invoke(ErrorReportValve.java:92)
	at org.apache.catalina.core.StandardEngineValve.invoke(StandardEngineValve.java:78)
	at org.apache.catalina.connector.CoyoteAdapter.service(CoyoteAdapter.java:359)
	at org.apache.coyote.http11.Http11Processor.service(Http11Processor.java:399)
	at org.apache.coyote.AbstractProcessorLight.process(AbstractProcessorLight.java:65)
	at org.apache.coyote.AbstractProtocol$ConnectionHandler.process(AbstractProtocol.java:889)
	at org.apache.tomcat.util.net.NioEndpoint$SocketProcessor.doRun(NioEndpoint.java:1735)
	at org.apache.tomcat.util.net.SocketProcessorBase.run(SocketProcessorBase.java:49)
	at org.apache.tomcat.util.threads.ThreadPoolExecutor.runWorker(ThreadPoolExecutor.java:1191)
	at org.apache.tomcat.util.threads.ThreadPoolExecutor$Worker.run(ThreadPoolExecutor.java:659)
	at org.apache.tomcat.util.threads.TaskThread$WrappingRunnable.run(TaskThread.java:61)
	at java.base/java.lang.Thread.run(Thread.java:831)
"2022-07-07 11:40:32 [http-nio-8082-exec-7] INFO  c.c.d.controller.StockController - fetching Stock Details using stockName
""2022-07-07 11:40:32 [http-nio-8082-exec-10] INFO  c.c.d.controller.StockController - fetching Stock Details using stockName
""2022-07-07 11:40:35 [http-nio-8082-exec-1] INFO  c.c.d.controller.StockController - fetching Stock Details using stockName
""2022-07-07 11:40:35 [http-nio-8082-exec-2] INFO  c.c.d.controller.StockController - fetching Stock Details using stockName
""2022-07-07 11:40:35 [http-nio-8082-exec-4] INFO  c.c.d.controller.StockController - fetching Stock Details using stockName
""2022-07-07 11:40:35 [http-nio-8082-exec-5] INFO  c.c.d.controller.StockController - fetching Stock Details using stockName
""2022-07-07 11:41:26 [http-nio-8082-exec-6] INFO  c.c.d.controller.StockController - fetching Stock Details using stockName
""2022-07-07 11:41:26 [http-nio-8082-exec-3] INFO  c.c.d.controller.StockController - fetching Stock Details using stockName
""2022-07-07 11:41:26 [http-nio-8082-exec-7] INFO  c.c.d.controller.StockController - fetching Stock Details using stockName
""2022-07-07 11:41:26 [http-nio-8082-exec-10] INFO  c.c.d.controller.StockController - fetching Stock Details using stockName
""2022-07-07 16:53:36 [main] INFO  c.c.d.controller.StockControllerTest - Starting StockControllerTest using Java 16.0.1 on LAPTOP-CJKHE4KD with PID 3292 (started by mdsai in D:\Codes\MFPE-POD3\Portfolio project\DailySharePrice1\DailySharePrice)
""2022-07-07 16:53:36 [main] INFO  c.c.d.controller.StockControllerTest - No active profile set, falling back to 1 default profile: "default"
""2022-07-07 16:53:38 [main] INFO  o.s.b.t.m.w.SpringBootMockServletContext - Initializing Spring TestDispatcherServlet ''
""2022-07-07 16:53:38 [main] INFO  o.s.t.w.s.TestDispatcherServlet - Initializing Servlet ''
""2022-07-07 16:53:38 [main] INFO  o.s.t.w.s.TestDispatcherServlet - Completed initialization in 2 ms
""2022-07-07 16:53:39 [main] INFO  c.c.d.controller.StockControllerTest - Started StockControllerTest in 3.014 seconds (JVM running for 3.836)
""2022-07-07 16:53:39 [main] INFO  c.c.d.controller.StockController - fetching Stock Details using stockName
""2022-07-07 16:53:39 [main] INFO  o.s.b.t.c.SpringBootTestContextBootstrapper - Neither @ContextConfiguration nor @ContextHierarchy found for test class [com.cts.dailyshareprice.DailySharePriceApplicationTests], using SpringBootContextLoader
""2022-07-07 16:53:39 [main] INFO  o.s.t.c.s.AbstractContextLoader - Could not detect default resource locations for test class [com.cts.dailyshareprice.DailySharePriceApplicationTests]: no resource found for suffixes {-context.xml, Context.groovy}.
""2022-07-07 16:53:39 [main] INFO  o.s.t.c.s.AnnotationConfigContextLoaderUtils - Could not detect default configuration classes for test class [com.cts.dailyshareprice.DailySharePriceApplicationTests]: DailySharePriceApplicationTests does not declare any static, non-private, non-final, nested classes annotated with @Configuration.
""2022-07-07 16:53:39 [main] INFO  o.s.b.t.c.SpringBootTestContextBootstrapper - Found @SpringBootConfiguration com.cts.dailyshareprice.DailySharePriceApplication for test class com.cts.dailyshareprice.DailySharePriceApplicationTests
""2022-07-07 16:53:39 [main] INFO  o.s.b.t.c.SpringBootTestContextBootstrapper - Loaded default TestExecutionListener class names from location [META-INF/spring.factories]: [org.springframework.boot.test.mock.mockito.MockitoTestExecutionListener, org.springframework.boot.test.mock.mockito.ResetMocksTestExecutionListener, org.springframework.boot.test.autoconfigure.restdocs.RestDocsTestExecutionListener, org.springframework.boot.test.autoconfigure.web.client.MockRestServiceServerResetTestExecutionListener, org.springframework.boot.test.autoconfigure.web.servlet.MockMvcPrintOnlyOnFailureTestExecutionListener, org.springframework.boot.test.autoconfigure.web.servlet.WebDriverTestExecutionListener, org.springframework.boot.test.autoconfigure.webservices.client.MockWebServiceServerTestExecutionListener, org.springframework.test.context.web.ServletTestExecutionListener, org.springframework.test.context.support.DirtiesContextBeforeModesTestExecutionListener, org.springframework.test.context.event.ApplicationEventsTestExecutionListener, org.springframework.test.context.support.DependencyInjectionTestExecutionListener, org.springframework.test.context.support.DirtiesContextTestExecutionListener, org.springframework.test.context.transaction.TransactionalTestExecutionListener, org.springframework.test.context.jdbc.SqlScriptsTestExecutionListener, org.springframework.test.context.event.EventPublishingTestExecutionListener]
""2022-07-07 16:53:39 [main] INFO  o.s.b.t.c.SpringBootTestContextBootstrapper - Using TestExecutionListeners: [org.springframework.test.context.web.ServletTestExecutionListener@78bd02c8, org.springframework.test.context.support.DirtiesContextBeforeModesTestExecutionListener@28dacf31, org.springframework.test.context.event.ApplicationEventsTestExecutionListener@47e60b71, org.springframework.boot.test.mock.mockito.MockitoTestExecutionListener@795faad, org.springframework.boot.test.autoconfigure.SpringBootDependencyInjectionTestExecutionListener@17ae13d5, org.springframework.test.context.support.DirtiesContextTestExecutionListener@69f3e556, org.springframework.test.context.transaction.TransactionalTestExecutionListener@1eb9d69a, org.springframework.test.context.jdbc.SqlScriptsTestExecutionListener@36511772, org.springframework.test.context.event.EventPublishingTestExecutionListener@51869ad6, org.springframework.boot.test.mock.mockito.ResetMocksTestExecutionListener@27a90ce5, org.springframework.boot.test.autoconfigure.restdocs.RestDocsTestExecutionListener@77f4038c, org.springframework.boot.test.autoconfigure.web.client.MockRestServiceServerResetTestExecutionListener@49a06087, org.springframework.boot.test.autoconfigure.web.servlet.MockMvcPrintOnlyOnFailureTestExecutionListener@2c15034f, org.springframework.boot.test.autoconfigure.web.servlet.WebDriverTestExecutionListener@43b4ec0c, org.springframework.boot.test.autoconfigure.webservices.client.MockWebServiceServerTestExecutionListener@148b6f95]
""2022-07-07 16:53:39 [main] INFO  c.c.d.DailySharePriceApplicationTests - Starting DailySharePriceApplicationTests using Java 16.0.1 on LAPTOP-CJKHE4KD with PID 3292 (started by mdsai in D:\Codes\MFPE-POD3\Portfolio project\DailySharePrice1\DailySharePrice)
""2022-07-07 16:53:39 [main] INFO  c.c.d.DailySharePriceApplicationTests - No active profile set, falling back to 1 default profile: "default"
""2022-07-07 16:53:39 [main] INFO  o.s.d.r.c.RepositoryConfigurationDelegate - Bootstrapping Spring Data JPA repositories in DEFAULT mode.
""2022-07-07 16:53:39 [main] INFO  o.s.d.r.c.RepositoryConfigurationDelegate - Finished Spring Data repository scanning in 40 ms. Found 1 JPA repository interfaces.
""2022-07-07 16:53:40 [main] INFO  o.s.cloud.context.scope.GenericScope - BeanFactory id=109bdc88-ebfb-360d-be19-7e3371642d53
""2022-07-07 16:53:40 [main] INFO  com.zaxxer.hikari.HikariDataSource - HikariPool-1 - Starting...
""2022-07-07 16:53:40 [main] INFO  com.zaxxer.hikari.HikariDataSource - HikariPool-1 - Start completed.
""2022-07-07 16:53:40 [main] INFO  o.h.jpa.internal.util.LogHelper - HHH000204: Processing PersistenceUnitInfo [name: default]
""2022-07-07 16:53:40 [main] INFO  org.hibernate.Version - HHH000412: Hibernate ORM core version 5.6.5.Final
""2022-07-07 16:53:40 [main] INFO  o.h.annotations.common.Version - HCANN000001: Hibernate Commons Annotations {5.1.2.Final}
""2022-07-07 16:53:40 [main] INFO  org.hibernate.dialect.Dialect - HHH000400: Using dialect: org.hibernate.dialect.H2Dialect
""2022-07-07 16:53:41 [main] INFO  o.h.e.t.j.p.i.JtaPlatformInitiator - HHH000490: Using JtaPlatform implementation: [org.hibernate.engine.transaction.jta.platform.internal.NoJtaPlatform]
""2022-07-07 16:53:41 [main] INFO  o.s.o.j.LocalContainerEntityManagerFactoryBean - Initialized JPA EntityManagerFactory for persistence unit 'default'
""2022-07-07 16:53:41 [main] WARN  o.s.b.a.o.j.JpaBaseConfiguration$JpaWebConfiguration - spring.jpa.open-in-view is enabled by default. Therefore, database queries may be performed during view rendering. Explicitly configure spring.jpa.open-in-view to disable this warning
""2022-07-07 16:53:41 [main] INFO  o.s.b.a.h.H2ConsoleAutoConfiguration - H2 console available at '/h2-console'. Database available at 'jdbc:h2:mem:pms'
""2022-07-07 16:53:42 [main] INFO  c.c.d.DailySharePriceApplicationTests - Started DailySharePriceApplicationTests in 3.501 seconds (JVM running for 7.551)
""2022-07-07 16:53:42 [main] INFO  o.s.b.t.c.SpringBootTestContextBootstrapper - Neither @ContextConfiguration nor @ContextHierarchy found for test class [com.cts.dailyshareprice.model.StockTest], using SpringBootContextLoader
""2022-07-07 16:53:42 [main] INFO  o.s.t.c.s.AbstractContextLoader - Could not detect default resource locations for test class [com.cts.dailyshareprice.model.StockTest]: no resource found for suffixes {-context.xml, Context.groovy}.
""2022-07-07 16:53:42 [main] INFO  o.s.t.c.s.AnnotationConfigContextLoaderUtils - Could not detect default configuration classes for test class [com.cts.dailyshareprice.model.StockTest]: StockTest does not declare any static, non-private, non-final, nested classes annotated with @Configuration.
""2022-07-07 16:53:42 [main] INFO  o.s.b.t.c.SpringBootTestContextBootstrapper - Found @SpringBootConfiguration com.cts.dailyshareprice.DailySharePriceApplication for test class com.cts.dailyshareprice.model.StockTest
""2022-07-07 16:53:42 [main] INFO  o.s.b.t.c.SpringBootTestContextBootstrapper - Loaded default TestExecutionListener class names from location [META-INF/spring.factories]: [org.springframework.boot.test.mock.mockito.MockitoTestExecutionListener, org.springframework.boot.test.mock.mockito.ResetMocksTestExecutionListener, org.springframework.boot.test.autoconfigure.restdocs.RestDocsTestExecutionListener, org.springframework.boot.test.autoconfigure.web.client.MockRestServiceServerResetTestExecutionListener, org.springframework.boot.test.autoconfigure.web.servlet.MockMvcPrintOnlyOnFailureTestExecutionListener, org.springframework.boot.test.autoconfigure.web.servlet.WebDriverTestExecutionListener, org.springframework.boot.test.autoconfigure.webservices.client.MockWebServiceServerTestExecutionListener, org.springframework.test.context.web.ServletTestExecutionListener, org.springframework.test.context.support.DirtiesContextBeforeModesTestExecutionListener, org.springframework.test.context.event.ApplicationEventsTestExecutionListener, org.springframework.test.context.support.DependencyInjectionTestExecutionListener, org.springframework.test.context.support.DirtiesContextTestExecutionListener, org.springframework.test.context.transaction.TransactionalTestExecutionListener, org.springframework.test.context.jdbc.SqlScriptsTestExecutionListener, org.springframework.test.context.event.EventPublishingTestExecutionListener]
""2022-07-07 16:53:42 [main] INFO  o.s.b.t.c.SpringBootTestContextBootstrapper - Using TestExecutionListeners: [org.springframework.test.context.web.ServletTestExecutionListener@4a0e3bd, org.springframework.test.context.support.DirtiesContextBeforeModesTestExecutionListener@6a6a60f3, org.springframework.test.context.event.ApplicationEventsTestExecutionListener@2d9cc10, org.springframework.boot.test.mock.mockito.MockitoTestExecutionListener@3bc82aa3, org.springframework.boot.test.autoconfigure.SpringBootDependencyInjectionTestExecutionListener@38769b6c, org.springframework.test.context.support.DirtiesContextTestExecutionListener@1220969, org.springframework.test.context.transaction.TransactionalTestExecutionListener@4d57fc11, org.springframework.test.context.jdbc.SqlScriptsTestExecutionListener@37b04a2a, org.springframework.test.context.event.EventPublishingTestExecutionListener@3b910a4b, org.springframework.boot.test.mock.mockito.ResetMocksTestExecutionListener@2ae92511, org.springframework.boot.test.autoconfigure.restdocs.RestDocsTestExecutionListener@582ce329, org.springframework.boot.test.autoconfigure.web.client.MockRestServiceServerResetTestExecutionListener@6df8131c, org.springframework.boot.test.autoconfigure.web.servlet.MockMvcPrintOnlyOnFailureTestExecutionListener@5e888fba, org.springframework.boot.test.autoconfigure.web.servlet.WebDriverTestExecutionListener@3d2af8d7, org.springframework.boot.test.autoconfigure.webservices.client.MockWebServiceServerTestExecutionListener@22071f0]
""2022-07-07 16:53:42 [main] INFO  o.s.b.t.c.SpringBootTestContextBootstrapper - Neither @ContextConfiguration nor @ContextHierarchy found for test class [com.cts.dailyshareprice.service.StockServiceTest], using SpringBootContextLoader
""2022-07-07 16:53:42 [main] INFO  o.s.t.c.s.AbstractContextLoader - Could not detect default resource locations for test class [com.cts.dailyshareprice.service.StockServiceTest]: no resource found for suffixes {-context.xml, Context.groovy}.
""2022-07-07 16:53:42 [main] INFO  o.s.t.c.s.AnnotationConfigContextLoaderUtils - Could not detect default configuration classes for test class [com.cts.dailyshareprice.service.StockServiceTest]: StockServiceTest does not declare any static, non-private, non-final, nested classes annotated with @Configuration.
""2022-07-07 16:53:42 [main] INFO  o.s.b.t.c.SpringBootTestContextBootstrapper - Found @SpringBootConfiguration com.cts.dailyshareprice.DailySharePriceApplication for test class com.cts.dailyshareprice.service.StockServiceTest
""2022-07-07 16:53:42 [main] INFO  o.s.b.t.c.SpringBootTestContextBootstrapper - Loaded default TestExecutionListener class names from location [META-INF/spring.factories]: [org.springframework.boot.test.mock.mockito.MockitoTestExecutionListener, org.springframework.boot.test.mock.mockito.ResetMocksTestExecutionListener, org.springframework.boot.test.autoconfigure.restdocs.RestDocsTestExecutionListener, org.springframework.boot.test.autoconfigure.web.client.MockRestServiceServerResetTestExecutionListener, org.springframework.boot.test.autoconfigure.web.servlet.MockMvcPrintOnlyOnFailureTestExecutionListener, org.springframework.boot.test.autoconfigure.web.servlet.WebDriverTestExecutionListener, org.springframework.boot.test.autoconfigure.webservices.client.MockWebServiceServerTestExecutionListener, org.springframework.test.context.web.ServletTestExecutionListener, org.springframework.test.context.support.DirtiesContextBeforeModesTestExecutionListener, org.springframework.test.context.event.ApplicationEventsTestExecutionListener, org.springframework.test.context.support.DependencyInjectionTestExecutionListener, org.springframework.test.context.support.DirtiesContextTestExecutionListener, org.springframework.test.context.transaction.TransactionalTestExecutionListener, org.springframework.test.context.jdbc.SqlScriptsTestExecutionListener, org.springframework.test.context.event.EventPublishingTestExecutionListener]
""2022-07-07 16:53:42 [main] INFO  o.s.b.t.c.SpringBootTestContextBootstrapper - Using TestExecutionListeners: [org.springframework.test.context.web.ServletTestExecutionListener@70376c6, org.springframework.test.context.support.DirtiesContextBeforeModesTestExecutionListener@2e89310c, org.springframework.test.context.event.ApplicationEventsTestExecutionListener@55c75b72, org.springframework.boot.test.mock.mockito.MockitoTestExecutionListener@567412db, org.springframework.boot.test.autoconfigure.SpringBootDependencyInjectionTestExecutionListener@4addfb95, org.springframework.test.context.support.DirtiesContextTestExecutionListener@2d3bb293, org.springframework.test.context.transaction.TransactionalTestExecutionListener@4248608d, org.springframework.test.context.jdbc.SqlScriptsTestExecutionListener@34dc40d5, org.springframework.test.context.event.EventPublishingTestExecutionListener@11f81488, org.springframework.boot.test.mock.mockito.ResetMocksTestExecutionListener@61a7930e, org.springframework.boot.test.autoconfigure.restdocs.RestDocsTestExecutionListener@60eacbbf, org.springframework.boot.test.autoconfigure.web.client.MockRestServiceServerResetTestExecutionListener@36e6e59f, org.springframework.boot.test.autoconfigure.web.servlet.MockMvcPrintOnlyOnFailureTestExecutionListener@676beb9f, org.springframework.boot.test.autoconfigure.web.servlet.WebDriverTestExecutionListener@3a892b9f, org.springframework.boot.test.autoconfigure.webservices.client.MockWebServiceServerTestExecutionListener@c88a842]
""2022-07-07 16:53:42 [main] INFO  c.c.d.service.StockServiceTest - Starting StockServiceTest using Java 16.0.1 on LAPTOP-CJKHE4KD with PID 3292 (started by mdsai in D:\Codes\MFPE-POD3\Portfolio project\DailySharePrice1\DailySharePrice)
""2022-07-07 16:53:42 [main] INFO  c.c.d.service.StockServiceTest - No active profile set, falling back to 1 default profile: "default"
""2022-07-07 16:53:43 [main] INFO  o.s.d.r.c.RepositoryConfigurationDelegate - Bootstrapping Spring Data JPA repositories in DEFAULT mode.
""2022-07-07 16:53:43 [main] INFO  o.s.d.r.c.RepositoryConfigurationDelegate - Finished Spring Data repository scanning in 7 ms. Found 1 JPA repository interfaces.
""2022-07-07 16:53:43 [main] INFO  o.s.cloud.context.scope.GenericScope - BeanFactory id=109bdc88-ebfb-360d-be19-7e3371642d53
""2022-07-07 16:53:43 [main] INFO  com.zaxxer.hikari.HikariDataSource - HikariPool-2 - Starting...
""2022-07-07 16:53:43 [main] INFO  com.zaxxer.hikari.HikariDataSource - HikariPool-2 - Start completed.
""2022-07-07 16:53:43 [main] INFO  o.h.jpa.internal.util.LogHelper - HHH000204: Processing PersistenceUnitInfo [name: default]
""2022-07-07 16:53:43 [main] INFO  org.hibernate.dialect.Dialect - HHH000400: Using dialect: org.hibernate.dialect.H2Dialect
""2022-07-07 16:53:43 [main] INFO  o.h.e.t.j.p.i.JtaPlatformInitiator - HHH000490: Using JtaPlatform implementation: [org.hibernate.engine.transaction.jta.platform.internal.NoJtaPlatform]
""2022-07-07 16:53:43 [main] INFO  o.s.o.j.LocalContainerEntityManagerFactoryBean - Initialized JPA EntityManagerFactory for persistence unit 'default'
""2022-07-07 16:53:43 [main] WARN  o.s.b.a.o.j.JpaBaseConfiguration$JpaWebConfiguration - spring.jpa.open-in-view is enabled by default. Therefore, database queries may be performed during view rendering. Explicitly configure spring.jpa.open-in-view to disable this warning
""2022-07-07 16:53:43 [main] INFO  o.s.b.a.h.H2ConsoleAutoConfiguration - H2 console available at '/h2-console'. Database available at 'jdbc:h2:mem:pms'
""2022-07-07 16:53:44 [main] INFO  c.c.d.service.StockServiceTest - Started StockServiceTest in 1.545 seconds (JVM running for 9.243)
""2022-07-07 16:53:44 [SpringApplicationShutdownHook] INFO  o.s.o.j.LocalContainerEntityManagerFactoryBean - Closing JPA EntityManagerFactory for persistence unit 'default'
""2022-07-07 16:53:44 [SpringApplicationShutdownHook] INFO  com.zaxxer.hikari.HikariDataSource - HikariPool-1 - Shutdown initiated...
""2022-07-07 16:53:44 [SpringApplicationShutdownHook] INFO  com.zaxxer.hikari.HikariDataSource - HikariPool-1 - Shutdown completed.
""2022-07-07 16:53:44 [SpringApplicationShutdownHook] INFO  o.s.o.j.LocalContainerEntityManagerFactoryBean - Closing JPA EntityManagerFactory for persistence unit 'default'
""2022-07-07 16:53:44 [SpringApplicationShutdownHook] INFO  com.zaxxer.hikari.HikariDataSource - HikariPool-2 - Shutdown initiated...
""2022-07-07 16:53:44 [SpringApplicationShutdownHook] INFO  com.zaxxer.hikari.HikariDataSource - HikariPool-2 - Shutdown completed.
""2022-07-07 17:00:50 [restartedMain] INFO  c.c.d.DailySharePriceApplication - Starting DailySharePriceApplication using Java 16.0.1 on LAPTOP-CJKHE4KD with PID 21124 (D:\Codes\MFPE-POD3\Portfolio project\DailySharePrice1\DailySharePrice\target\classes started by mdsai in D:\Codes\MFPE-POD3\Portfolio project\DailySharePrice1\DailySharePrice)
""2022-07-07 17:00:50 [restartedMain] INFO  c.c.d.DailySharePriceApplication - No active profile set, falling back to 1 default profile: "default"
""2022-07-07 17:00:50 [restartedMain] INFO  o.s.b.d.e.DevToolsPropertyDefaultsPostProcessor - Devtools property defaults active! Set 'spring.devtools.add-properties' to 'false' to disable
""2022-07-07 17:00:50 [restartedMain] INFO  o.s.b.d.e.DevToolsPropertyDefaultsPostProcessor - For additional web related logging consider setting the 'logging.level.web' property to 'DEBUG'
""2022-07-07 17:00:51 [restartedMain] INFO  o.s.d.r.c.RepositoryConfigurationDelegate - Bootstrapping Spring Data JPA repositories in DEFAULT mode.
""2022-07-07 17:00:51 [restartedMain] INFO  o.s.d.r.c.RepositoryConfigurationDelegate - Finished Spring Data repository scanning in 41 ms. Found 1 JPA repository interfaces.
""2022-07-07 17:00:51 [restartedMain] INFO  o.s.cloud.context.scope.GenericScope - BeanFactory id=06edcab2-3d4f-375c-b803-7ee141e7ed09
""2022-07-07 17:00:51 [restartedMain] INFO  o.s.b.w.e.tomcat.TomcatWebServer - Tomcat initialized with port(s): 8082 (http)
""2022-07-07 17:00:51 [restartedMain] INFO  o.a.catalina.core.StandardService - Starting service [Tomcat]
""2022-07-07 17:00:51 [restartedMain] INFO  o.a.catalina.core.StandardEngine - Starting Servlet engine: [Apache Tomcat/9.0.58]
""2022-07-07 17:00:52 [restartedMain] INFO  o.a.c.c.C.[Tomcat].[localhost].[/] - Initializing Spring embedded WebApplicationContext
""2022-07-07 17:00:52 [restartedMain] INFO  o.s.b.w.s.c.ServletWebServerApplicationContext - Root WebApplicationContext: initialization completed in 1876 ms
""2022-07-07 17:00:52 [restartedMain] INFO  com.zaxxer.hikari.HikariDataSource - HikariPool-1 - Starting...
""2022-07-07 17:00:52 [restartedMain] INFO  com.zaxxer.hikari.HikariDataSource - HikariPool-1 - Start completed.
""2022-07-07 17:00:52 [restartedMain] INFO  o.s.b.a.h.H2ConsoleAutoConfiguration - H2 console available at '/h2-console'. Database available at 'jdbc:h2:mem:pms'
""2022-07-07 17:00:52 [restartedMain] INFO  o.h.jpa.internal.util.LogHelper - HHH000204: Processing PersistenceUnitInfo [name: default]
""2022-07-07 17:00:52 [restartedMain] INFO  org.hibernate.Version - HHH000412: Hibernate ORM core version 5.6.5.Final
""2022-07-07 17:00:52 [restartedMain] INFO  o.h.annotations.common.Version - HCANN000001: Hibernate Commons Annotations {5.1.2.Final}
""2022-07-07 17:00:52 [restartedMain] INFO  org.hibernate.dialect.Dialect - HHH000400: Using dialect: org.hibernate.dialect.H2Dialect
""2022-07-07 17:00:53 [restartedMain] INFO  o.h.e.t.j.p.i.JtaPlatformInitiator - HHH000490: Using JtaPlatform implementation: [org.hibernate.engine.transaction.jta.platform.internal.NoJtaPlatform]
""2022-07-07 17:00:53 [restartedMain] INFO  o.s.o.j.LocalContainerEntityManagerFactoryBean - Initialized JPA EntityManagerFactory for persistence unit 'default'
""2022-07-07 17:00:53 [restartedMain] WARN  o.s.b.a.o.j.JpaBaseConfiguration$JpaWebConfiguration - spring.jpa.open-in-view is enabled by default. Therefore, database queries may be performed during view rendering. Explicitly configure spring.jpa.open-in-view to disable this warning
""2022-07-07 17:00:53 [restartedMain] WARN  o.s.b.d.a.OptionalLiveReloadServer - Unable to start LiveReload server
""2022-07-07 17:00:54 [restartedMain] INFO  o.s.b.w.e.tomcat.TomcatWebServer - Tomcat started on port(s): 8082 (http) with context path ''
""2022-07-07 17:00:54 [restartedMain] INFO  c.c.d.DailySharePriceApplication - Started DailySharePriceApplication in 4.721 seconds (JVM running for 5.25)
"